0 info it worked if it ends with ok
1 verbose cli [ 'node', '/usr/local/bin/npm', 'install', 'mssql-connect' ]
2 info using npm@1.4.28
3 info using node@v0.10.32
4 verbose cache add [ 'mssql-connect', null ]
5 verbose cache add name=undefined spec="mssql-connect" args=["mssql-connect",null]
6 verbose parsed url { protocol: null,
6 verbose parsed url   slashes: null,
6 verbose parsed url   auth: null,
6 verbose parsed url   host: null,
6 verbose parsed url   port: null,
6 verbose parsed url   hostname: null,
6 verbose parsed url   hash: null,
6 verbose parsed url   search: null,
6 verbose parsed url   query: null,
6 verbose parsed url   pathname: 'mssql-connect',
6 verbose parsed url   path: 'mssql-connect',
6 verbose parsed url   href: 'mssql-connect' }
7 silly lockFile 3efcad6b-mssql-connect mssql-connect
8 verbose lock mssql-connect /Users/apple/.npm/3efcad6b-mssql-connect.lock
9 silly lockFile 3efcad6b-mssql-connect mssql-connect
10 silly lockFile 3efcad6b-mssql-connect mssql-connect
11 verbose addNamed [ 'mssql-connect', '' ]
12 verbose addNamed [ null, '*' ]
13 silly lockFile 663db6d9-mssql-connect mssql-connect@
14 verbose lock mssql-connect@ /Users/apple/.npm/663db6d9-mssql-connect.lock
15 silly addNameRange { name: 'mssql-connect', range: '*', hasData: false }
16 verbose request where is /mssql-connect
17 verbose request registry https://registry.npmjs.org/
18 verbose request id 65e4b12875400487
19 verbose url raw /mssql-connect
20 verbose url resolving [ 'https://registry.npmjs.org/', './mssql-connect' ]
21 verbose url resolved https://registry.npmjs.org/mssql-connect
22 verbose request where is https://registry.npmjs.org/mssql-connect
23 info trying registry request attempt 1 at 15:19:55
24 http GET https://registry.npmjs.org/mssql-connect
25 http 404 https://registry.npmjs.org/mssql-connect
26 verbose headers { server: 'CouchDB/1.5.0 (Erlang OTP/R16B03)',
26 verbose headers   'content-type': 'application/json',
26 verbose headers   'cache-control': 'max-age=0',
26 verbose headers   'content-length': '51',
26 verbose headers   'accept-ranges': 'bytes',
26 verbose headers   date: 'Thu, 11 Jun 2015 14:19:56 GMT',
26 verbose headers   via: '1.1 varnish',
26 verbose headers   age: '0',
26 verbose headers   connection: 'keep-alive',
26 verbose headers   'x-served-by': 'cache-fra1233-FRA',
26 verbose headers   'x-cache': 'MISS',
26 verbose headers   'x-cache-hits': '0',
26 verbose headers   'x-timer': 'S1434032395.955353,VS0,VE703' }
27 silly registry.get cb [ 404,
27 silly registry.get   { server: 'CouchDB/1.5.0 (Erlang OTP/R16B03)',
27 silly registry.get     'content-type': 'application/json',
27 silly registry.get     'cache-control': 'max-age=0',
27 silly registry.get     'content-length': '51',
27 silly registry.get     'accept-ranges': 'bytes',
27 silly registry.get     date: 'Thu, 11 Jun 2015 14:19:56 GMT',
27 silly registry.get     via: '1.1 varnish',
27 silly registry.get     age: '0',
27 silly registry.get     connection: 'keep-alive',
27 silly registry.get     'x-served-by': 'cache-fra1233-FRA',
27 silly registry.get     'x-cache': 'MISS',
27 silly registry.get     'x-cache-hits': '0',
27 silly registry.get     'x-timer': 'S1434032395.955353,VS0,VE703' } ]
28 silly lockFile 663db6d9-mssql-connect mssql-connect@
29 silly lockFile 663db6d9-mssql-connect mssql-connect@
30 error 404 404 Not Found: mssql-connect
30 error 404
30 error 404 'mssql-connect' is not in the npm registry.
30 error 404 You should bug the author to publish it
30 error 404
30 error 404 Note that you can also install from a
30 error 404 tarball, folder, or http url, or git url.
31 error System Darwin 14.3.0
32 error command "node" "/usr/local/bin/npm" "install" "mssql-connect"
33 error cwd /Users/apple/Dropbox/MyGrade
34 error node -v v0.10.32
35 error npm -v 1.4.28
36 error code E404
37 verbose exit [ 1, true ]
