0 info it worked if it ends with ok
1 verbose cli [ 'node', '/usr/local/bin/npm', 'install', 'msnodesql' ]
2 info using npm@1.4.28
3 info using node@v0.10.32
4 verbose cache add [ 'msnodesql', null ]
5 verbose cache add name=undefined spec="msnodesql" args=["msnodesql",null]
6 verbose parsed url { protocol: null,
6 verbose parsed url   slashes: null,
6 verbose parsed url   auth: null,
6 verbose parsed url   host: null,
6 verbose parsed url   port: null,
6 verbose parsed url   hostname: null,
6 verbose parsed url   hash: null,
6 verbose parsed url   search: null,
6 verbose parsed url   query: null,
6 verbose parsed url   pathname: 'msnodesql',
6 verbose parsed url   path: 'msnodesql',
6 verbose parsed url   href: 'msnodesql' }
7 silly lockFile 36f1ebb8-msnodesql msnodesql
8 verbose lock msnodesql /Users/apple/.npm/36f1ebb8-msnodesql.lock
9 silly lockFile 36f1ebb8-msnodesql msnodesql
10 silly lockFile 36f1ebb8-msnodesql msnodesql
11 verbose addNamed [ 'msnodesql', '' ]
12 verbose addNamed [ null, '*' ]
13 silly lockFile 0cd57691-msnodesql msnodesql@
14 verbose lock msnodesql@ /Users/apple/.npm/0cd57691-msnodesql.lock
15 silly addNameRange { name: 'msnodesql', range: '*', hasData: false }
16 verbose request where is /msnodesql
17 verbose request registry https://registry.npmjs.org/
18 verbose request id 1d7c053e70625b1f
19 verbose url raw /msnodesql
20 verbose url resolving [ 'https://registry.npmjs.org/', './msnodesql' ]
21 verbose url resolved https://registry.npmjs.org/msnodesql
22 verbose request where is https://registry.npmjs.org/msnodesql
23 info trying registry request attempt 1 at 15:37:57
24 http GET https://registry.npmjs.org/msnodesql
25 http 200 https://registry.npmjs.org/msnodesql
26 silly registry.get cb [ 200,
26 silly registry.get   { server: 'CouchDB/1.5.0 (Erlang OTP/R16B03)',
26 silly registry.get     etag: '"3HQDW5V5R2QP2RXL9ULIAZH4F"',
26 silly registry.get     'content-type': 'application/json',
26 silly registry.get     'cache-control': 'max-age=60',
26 silly registry.get     'content-length': '12952',
26 silly registry.get     'accept-ranges': 'bytes',
26 silly registry.get     date: 'Thu, 11 Jun 2015 14:37:57 GMT',
26 silly registry.get     via: '1.1 varnish',
26 silly registry.get     age: '0',
26 silly registry.get     connection: 'keep-alive',
26 silly registry.get     'x-served-by': 'cache-fra1224-FRA',
26 silly registry.get     'x-cache': 'MISS',
26 silly registry.get     'x-cache-hits': '0',
26 silly registry.get     'x-timer': 'S1434033477.421431,VS0,VE104',
26 silly registry.get     vary: 'Accept' } ]
27 silly addNameRange number 2 { name: 'msnodesql', range: '*', hasData: true }
28 silly addNameRange versions [ 'msnodesql', [ '0.1.0', '0.2.0', '0.2.1' ] ]
29 verbose addNamed [ 'msnodesql', '0.2.1' ]
30 verbose addNamed [ '0.2.1', '0.2.1' ]
31 silly lockFile 4e0afecd-msnodesql-0-2-1 msnodesql@0.2.1
32 verbose lock msnodesql@0.2.1 /Users/apple/.npm/4e0afecd-msnodesql-0-2-1.lock
33 silly lockFile 02dc1593-rg-msnodesql-msnodesql-0-2-1-tgz https://registry.npmjs.org/msnodesql/-/msnodesql-0.2.1.tgz
34 verbose lock https://registry.npmjs.org/msnodesql/-/msnodesql-0.2.1.tgz /Users/apple/.npm/02dc1593-rg-msnodesql-msnodesql-0-2-1-tgz.lock
35 verbose addRemoteTarball [ 'https://registry.npmjs.org/msnodesql/-/msnodesql-0.2.1.tgz',
35 verbose addRemoteTarball   '3ce8ade4a8c016a9aa9f942810135a73c0f2c8eb' ]
36 info retry fetch attempt 1 at 15:37:57
37 verbose fetch to= /tmp/npm-89430-tU0o5AP0/registry.npmjs.org/msnodesql/-/msnodesql-0.2.1.tgz
38 http GET https://registry.npmjs.org/msnodesql/-/msnodesql-0.2.1.tgz
39 http 200 https://registry.npmjs.org/msnodesql/-/msnodesql-0.2.1.tgz
40 silly lockFile 02dc1593-rg-msnodesql-msnodesql-0-2-1-tgz https://registry.npmjs.org/msnodesql/-/msnodesql-0.2.1.tgz
41 silly lockFile 02dc1593-rg-msnodesql-msnodesql-0-2-1-tgz https://registry.npmjs.org/msnodesql/-/msnodesql-0.2.1.tgz
42 silly lockFile 4e0afecd-msnodesql-0-2-1 msnodesql@0.2.1
43 silly lockFile 4e0afecd-msnodesql-0-2-1 msnodesql@0.2.1
44 silly lockFile 0cd57691-msnodesql msnodesql@
45 silly lockFile 0cd57691-msnodesql msnodesql@
46 silly resolved [ { name: 'msnodesql',
46 silly resolved     description: 'Microsoft Driver for Node.js for SQL Server',
46 silly resolved     author: { name: 'Microsoft Corp.' },
46 silly resolved     contributors: [ [Object], [Object], [Object], [Object], [Object] ],
46 silly resolved     version: '0.2.1',
46 silly resolved     keywords:
46 silly resolved      [ 'sql',
46 silly resolved        'database',
46 silly resolved        'mssql',
46 silly resolved        'azure',
46 silly resolved        'sqlserver',
46 silly resolved        'tds',
46 silly resolved        'microsoft',
46 silly resolved        'msnodesql',
46 silly resolved        'node-sqlserver' ],
46 silly resolved     homepage: 'https://github.com/WindowsAzure/node-sqlserver',
46 silly resolved     bugs: 'https://github.com/WindowsAzure/node-sqlserver/issues',
46 silly resolved     licenses: [ [Object] ],
46 silly resolved     main: './lib/sql.js',
46 silly resolved     repository:
46 silly resolved      { type: 'git',
46 silly resolved        url: 'git://github.com/WindowsAzure/node-sqlserver.git' },
46 silly resolved     engines: { node: '>=0.6' },
46 silly resolved     devDependencies: { mocha: '0.14.x', async: '0.1.x' },
46 silly resolved     os: [ 'win32' ],
46 silly resolved     scripts: { install: 'node scripts/install.js' },
46 silly resolved     readme: '# Microsoft Driver for Node.js for SQL Server\r\n\r\nThe Microsoft Driver for Node.js for SQL Server allows Node.js applications on\r\nMicrosoft Windows and Microsoft Windows Azure to access Microsoft SQL Server \r\nand Microsoft Windows Azure SQL Database.\r\n\r\nThis is an initial preview release, and is not production ready. We welcome any\r\nfeedback, fixes and contributions from the community at this very early stage.\r\n\r\n## Prerequisites\r\n\r\nThe following prerequisites are necessary prior to using the driver:\r\n\r\n* Node.js - use the latest version if possible, but it has been tested on node\r\n0.6.10 and later\r\n\r\n* node-gyp - latest version installed globally (npm install -g node-gyp)\r\n\r\n* python 2.7.x - for node-gyp (make sure it is in the path)\r\n\r\n* Visual C++ 2010 - the Express edition is freely available from \r\n[Microsoft][visualstudio]\r\n\r\n* SQL Server Native Client 11.0 - available as Microsoft SQL Server 2012 \r\nNative Client found in the [SQL Server 2012 Feature Pack][sqlncli]\r\n\r\n## Build\r\n\r\nTo build the driver, first node-gyp must configure the appropriate build files.\r\n\r\n    node-gyp configure\r\n\r\nUse node-gyp to build the driver:\r\n\r\n    node-gyp build\r\n\r\nOr to build the debug version:\r\n\r\n    node-gyp build --debug\r\n\r\nThen copy the sqlserver.node file from the build\\\\(Release|Debug) directory to\r\nthe lib directory.  If you would like to use Visual C++ to debug the driver,\r\nalso copy the sqlserver.pdb file from the same directory.\r\n\r\n## Test\r\n\r\nIncluded are a few unit tests.  They require mocha, async, and assert to be \r\ninstalled via npm.  Also, set the variables in test-config.js, then run the \r\ntests as follows:\r\n\r\n    cd test\r\n    node runtests.js\r\n\r\n## Known Issues\r\n\r\nWe are aware that many features are still not implemented, and are working to\r\nupdate these. Please visit the [project on Github][project] to view \r\noutstanding [issues][issues].\r\n\r\n## Usage\r\n\r\nFor now, please see the unit tests for usage examples.\r\n\r\n## Contribute Code\r\n\r\nIf you would like to become an active contributor to this project please follow the instructions provided in [the Contribution Guidelines][contribute].\r\n\r\n## License\r\n\r\nThe Microsoft Driver for Node.js for SQL Server is licensed under the Apache\r\n2.0 license.  See the LICENSE file for more details.\r\n\r\n[visualstudio]: http://www.microsoft.com/visualstudio/\r\n\r\n[sqlncli]: http://www.microsoft.com/en-us/download/details.aspx?id=29065\r\n\r\n[project]: https://github.com/windowsazure/node-sqlserver\r\n\r\n[issues]: https://github.com/windowsazure/node-sqlserver/issues\r\n\r\n[contribute]: https://github.com/WindowsAzure/node-sqlserver/blob/master/CONTRIBUTING.md\r\n\r\n\r\n\r\n',
46 silly resolved     _id: 'msnodesql@0.2.1',
46 silly resolved     dist:
46 silly resolved      { shasum: '3ce8ade4a8c016a9aa9f942810135a73c0f2c8eb',
46 silly resolved        tarball: 'http://registry.npmjs.org/msnodesql/-/msnodesql-0.2.1.tgz' },
46 silly resolved     _npmVersion: '1.1.62',
46 silly resolved     _npmUser: { name: 'jguerin', email: 'jguerin@microsoft.com' },
46 silly resolved     maintainers: [ [Object], [Object] ],
46 silly resolved     directories: {},
46 silly resolved     _shasum: '3ce8ade4a8c016a9aa9f942810135a73c0f2c8eb',
46 silly resolved     _from: 'msnodesql@',
46 silly resolved     _resolved: 'https://registry.npmjs.org/msnodesql/-/msnodesql-0.2.1.tgz' } ]
47 info install msnodesql@0.2.1 into /Users/apple/Dropbox/MyGrade
48 info installOne msnodesql@0.2.1
49 error notsup Unsupported
49 error notsup Not compatible with your operating system or architecture: msnodesql@0.2.1
49 error notsup Valid OS:    win32
49 error notsup Valid Arch:  any
49 error notsup Actual OS:   darwin
49 error notsup Actual Arch: x64
50 error System Darwin 14.3.0
51 error command "node" "/usr/local/bin/npm" "install" "msnodesql"
52 error cwd /Users/apple/Dropbox/MyGrade/MyGrade/www/js
53 error node -v v0.10.32
54 error npm -v 1.4.28
55 error code EBADPLATFORM
56 verbose exit [ 1, true ]
